<?xml version="1.0" encoding="UTF-8"?>
<!-- Generated by org.testng.reporters.JUnitReportReporter -->
<testsuite skipped="0" hostname="Shibanis-MacBook-Air.local" name="testcases.CreateIndividual" tests="1" failures="0" timestamp="2024-09-04T21:44:28 GST" time="51.974" errors="0">
  <testcase name="CreateTest" time="51.974" classname="testcases.CreateIndividual"/>
  <system-out/>
</testsuite> <!-- testcases.CreateIndividual -->
